
> galaxy-web@0.1.0 build
> vue-cli-service build

All browser targets in the browserslist configuration have supported ES module.
Therefore we don't build two separate bundles for differential loading.


-  Building for production...
 DONE  Compiled successfully in 2038ms11:25:30 PM

  File                                 Size               Gzipped

  dist/js/chunk-vendors.405a1da3.js    113.67 KiB         42.19 KiB
  dist/js/app.bb3a82fd.js              5.17 KiB           2.26 KiB
  dist/css/app.5d28e242.css            1.13 KiB           0.44 KiB

  Images and other types of assets omitted.
  Build at: 2023-08-28T13:25:30.184Z - Hash: ddf69e32ba5ccae3 - Time: 2038ms

 DONE  Build complete. The dist directory is ready to be deployed.
 INFO  Check out deployment instructions at https://cli.vuejs.org/guide/deployment.html
       
 * Serving Flask app 'app'
 * Debug mode: on
[31m[1mWARNING: This is a development server. Do not use it in a production deployment. Use a production WSGI server instead.[0m
 * Running on http://127.0.0.1:5000
[33mPress CTRL+C to quit[0m
 * Restarting with stat
 * Debugger is active!
 * Debugger PIN: 864-481-809
127.0.0.1 - - [28/Aug/2023 23:25:33] "GET / HTTP/1.1" 200 -
127.0.0.1 - - [28/Aug/2023 23:25:33] "GET /js/chunk-vendors.405a1da3.js HTTP/1.1" 200 -
127.0.0.1 - - [28/Aug/2023 23:25:33] "GET /css/app.5d28e242.css HTTP/1.1" 200 -
127.0.0.1 - - [28/Aug/2023 23:25:33] "GET /js/app.bb3a82fd.js HTTP/1.1" 200 -
127.0.0.1 - - [28/Aug/2023 23:25:33] "GET /img/WEHI_logo.273fc6ad.png HTTP/1.1" 200 -
